0 info it worked if it ends with ok
1 verbose cli [ 'C:\\Program Files\\nodejs\\\\node.exe',
1 verbose cli   'C:\\Program Files\\nodejs\\node_modules\\npm\\bin\\npm-cli.js',
1 verbose cli   'install' ]
2 info using npm@1.2.32
3 info using node@v0.10.12
4 verbose node symlink C:\Program Files\nodejs\\node.exe
5 verbose read json C:\Users\TOSHIBA\Documents\GitHub\directorio-medico\package.json
6 warn package.json application-name@0.0.1 No repository field.
7 verbose readDependencies using package.json deps
8 verbose install where, deps [ 'C:\\Users\\TOSHIBA\\Documents\\GitHub\\directorio-medico',
8 verbose install   [ 'express',
8 verbose install     'jade',
8 verbose install     'mongoose',
8 verbose install     'nodemailer',
8 verbose install     'async',
8 verbose install     'socket.io' ] ]
9 verbose from cache C:\Users\TOSHIBA\Documents\GitHub\directorio-medico\package.json
10 info preinstall application-name@0.0.1
11 verbose read json C:\Users\TOSHIBA\Documents\GitHub\directorio-medico\node_modules\async\package.json
12 verbose read json C:\Users\TOSHIBA\Documents\GitHub\directorio-medico\node_modules\express\package.json
13 verbose read json C:\Users\TOSHIBA\Documents\GitHub\directorio-medico\node_modules\jade\package.json
14 verbose read json C:\Users\TOSHIBA\Documents\GitHub\directorio-medico\node_modules\mongoose\package.json
15 verbose read json C:\Users\TOSHIBA\Documents\GitHub\directorio-medico\node_modules\nodemailer\package.json
16 verbose from cache C:\Users\TOSHIBA\Documents\GitHub\directorio-medico\package.json
17 verbose readDependencies using package.json deps
18 verbose from cache C:\Users\TOSHIBA\Documents\GitHub\directorio-medico\node_modules\async\package.json
19 verbose from cache C:\Users\TOSHIBA\Documents\GitHub\directorio-medico\node_modules\express\package.json
20 verbose from cache C:\Users\TOSHIBA\Documents\GitHub\directorio-medico\node_modules\jade\package.json
21 verbose from cache C:\Users\TOSHIBA\Documents\GitHub\directorio-medico\node_modules\mongoose\package.json
22 verbose from cache C:\Users\TOSHIBA\Documents\GitHub\directorio-medico\node_modules\nodemailer\package.json
23 verbose already installed skipping express@3.5.0 C:\Users\TOSHIBA\Documents\GitHub\directorio-medico
24 verbose already installed skipping jade@* C:\Users\TOSHIBA\Documents\GitHub\directorio-medico
25 verbose already installed skipping mongoose@* C:\Users\TOSHIBA\Documents\GitHub\directorio-medico
26 verbose already installed skipping nodemailer@* C:\Users\TOSHIBA\Documents\GitHub\directorio-medico
27 verbose already installed skipping async@* C:\Users\TOSHIBA\Documents\GitHub\directorio-medico
28 verbose cache add [ 'socket.io@*', null ]
29 verbose cache add name=undefined spec="socket.io@*" args=["socket.io@*",null]
30 verbose parsed url { protocol: null,
30 verbose parsed url   slashes: null,
30 verbose parsed url   auth: null,
30 verbose parsed url   host: null,
30 verbose parsed url   port: null,
30 verbose parsed url   hostname: null,
30 verbose parsed url   hash: null,
30 verbose parsed url   search: null,
30 verbose parsed url   query: null,
30 verbose parsed url   pathname: 'socket.io@*',
30 verbose parsed url   path: 'socket.io@*',
30 verbose parsed url   href: 'socket.io@*' }
31 verbose cache add name="socket.io" spec="*" args=["socket.io","*"]
32 verbose parsed url { protocol: null,
32 verbose parsed url   slashes: null,
32 verbose parsed url   auth: null,
32 verbose parsed url   host: null,
32 verbose parsed url   port: null,
32 verbose parsed url   hostname: null,
32 verbose parsed url   hash: null,
32 verbose parsed url   search: null,
32 verbose parsed url   query: null,
32 verbose parsed url   pathname: '*',
32 verbose parsed url   path: '*',
32 verbose parsed url   href: '*' }
33 verbose addNamed [ 'socket.io', '*' ]
34 verbose addNamed [ null, '' ]
35 silly lockFile 141fbf03-socket-io socket.io@*
36 verbose lock socket.io@* C:\Users\TOSHIBA\AppData\Roaming\npm-cache\141fbf03-socket-io.lock
37 silly addNameRange { name: 'socket.io', range: '', hasData: false }
38 verbose url raw socket.io
39 verbose url resolving [ 'https://registry.npmjs.org/', './socket.io' ]
40 verbose url resolved https://registry.npmjs.org/socket.io
41 info trying registry request attempt 1 at 09:52:10
42 http GET https://registry.npmjs.org/socket.io
43 info retry will retry, error on last attempt: Error: getaddrinfo ENOTFOUND
44 info trying registry request attempt 2 at 09:52:20
45 http GET https://registry.npmjs.org/socket.io
46 info retry will retry, error on last attempt: Error: getaddrinfo ENOTFOUND
47 info trying registry request attempt 3 at 09:53:20
48 http GET https://registry.npmjs.org/socket.io
49 silly lockFile 141fbf03-socket-io socket.io@*
50 silly lockFile 141fbf03-socket-io socket.io@*
51 error network getaddrinfo ENOTFOUND
51 error network This is most likely not a problem with npm itself
51 error network and is related to network connectivity.
51 error network In most cases you are behind a proxy or have bad network settings.
51 error network
51 error network If you are behind a proxy, please make sure that the
51 error network 'proxy' config is set properly.  See: 'npm help config'
52 error System Windows_NT 6.1.7601
53 error command "C:\\Program Files\\nodejs\\\\node.exe" "C:\\Program Files\\nodejs\\node_modules\\npm\\bin\\npm-cli.js" "install"
54 error cwd C:\Users\TOSHIBA\Documents\GitHub\directorio-medico
55 error node -v v0.10.12
56 error npm -v 1.2.32
57 error syscall getaddrinfo
58 error code ENOTFOUND
59 error errno ENOTFOUND
60 verbose exit [ 1, true ]
